<?xml version="1.0" encoding="UTF-8"?>
<!-- Generated by org.testng.reporters.JUnitReportReporter -->
<testsuite skipped="0" hostname="sys" name="testCases.TestNGTest" tests="1" failures="0" timestamp="07 Jul 2019 15:27:00 GMT" time="1.682" errors="0">
  <testcase name="forTest" time="1.682" classname="testCases.TestNGTest"/>
</testsuite> <!-- testCases.TestNGTest -->
